# Porb_day      Pspin_s       gamma1_weighted
    0.10000000     0.00100000     0.13472041
    0.10000000     0.00500000     0.25000547
    0.10000000     0.01000000     0.32472513
    0.10000000     0.05000000     0.57494473
    0.10000000     0.10000000     0.69870648
    0.10000000     1.00000000     0.98276715
    0.20000000     0.00100000     0.17388126
    0.20000000     0.00500000     0.33681402
    0.20000000     0.01000000     0.44105114
    0.20000000     0.05000000     0.72933546
    0.20000000     0.10000000     0.83824031
    0.20000000     1.00000000     0.99700213
    0.50000000     0.00100000     0.27337034
    0.50000000     0.00500000     0.52302787
    0.50000000     0.01000000     0.65227534
    0.50000000     0.05000000     0.90646551
    0.50000000     0.10000000     0.97405488
    0.50000000     1.00000000     0.99973190
    1.00000000     0.00100000     0.39712911
    1.00000000     0.00500000     0.69167668
    1.00000000     0.01000000     0.80990950
    1.00000000     0.05000000     0.98339186
    1.00000000     0.10000000     0.99578215
    1.00000000     1.00000000     0.99995760
   10.00000000     0.00100000     0.89532335
   10.00000000     0.00500000     0.99530686
   10.00000000     0.01000000     0.99882262
   10.00000000     0.05000000     0.99995285
   10.00000000     0.10000000     0.99998821
   10.00000000     1.00000000     0.99999988
  100.00000000     0.00100000     0.97033273
  100.00000000     0.00500000     0.99880281
  100.00000000     0.01000000     0.99970062
  100.00000000     0.05000000     0.99998802
  100.00000000     0.10000000     0.99999701
  100.00000000     1.00000000     0.99999997
